2017-05-21 14:34:06,468 INFO - Get id=1
2017-05-21 14:34:10,502 INFO - Get id=2
2017-05-21 14:34:14,455 INFO - Get id=3
2017-05-21 14:34:15,111 INFO - Get id=3
2017-05-26 23:19:01,150 INFO - Get id=1
2017-05-26 23:19:08,823 INFO - Get id=1
2017-05-26 23:19:17,021 INFO - Get id=2
2017-05-26 23:42:24,767 INFO - Get id=1
2017-05-26 23:53:54,531 INFO - Get id=1
2017-05-26 23:55:05,755 INFO - Get id=1
2017-05-26 23:58:53,145 INFO - Get id=1
2017-05-26 23:58:58,015 INFO - Get id=1
2017-05-26 23:59:59,180 INFO - Get all
2017-05-27 00:00:06,850 INFO - Get id=2
2017-05-27 00:00:08,271 INFO - Get all
2017-05-27 09:21:02,629 INFO - Get all
2017-05-27 09:21:52,306 INFO - Get all
2017-05-27 09:21:55,004 INFO - Get id=3
2017-05-27 09:21:57,785 INFO - Get all
2017-05-27 09:50:36,209 INFO - Get all
2017-05-27 09:51:16,738 INFO - Get all
2017-05-27 11:03:21,999 INFO - Get id=2
2017-05-27 11:03:26,377 INFO - Get id=2
2017-05-27 11:03:32,007 INFO - Get all
2017-05-27 11:03:35,969 INFO - Get id=1
2017-05-27 11:03:37,206 INFO - Get all
2017-05-27 11:04:18,159 INFO - Get all
2017-05-27 11:26:27,501 INFO - Get all
2017-05-27 11:26:30,372 INFO - Get all
2017-05-27 11:26:34,319 INFO - Get all
2017-05-27 11:27:05,469 INFO - Get all
2017-05-27 11:27:07,075 INFO - Get all
2017-05-27 11:27:08,199 INFO - Get all
2017-05-27 11:27:10,991 INFO - Get all
2017-05-27 11:27:16,108 INFO - Get all
2017-05-27 11:27:48,212 INFO - Get all
2017-05-27 11:27:55,389 INFO - Get all
2017-05-27 11:27:59,221 INFO - Get all
2017-05-27 11:28:02,893 INFO - Get all
2017-05-27 11:28:11,286 INFO - Get all
2017-05-27 11:28:15,012 INFO - Get all
2017-05-27 11:28:20,622 INFO - Get all
2017-05-27 11:28:22,677 INFO - Get all
2017-05-27 11:28:31,084 INFO - Get all
2017-05-27 11:28:32,972 INFO - Get all
2017-05-27 11:29:56,603 INFO - Get all
2017-05-27 11:29:58,600 INFO - Get all
2017-05-27 11:30:09,180 INFO - Get all
2017-05-27 11:30:14,374 INFO - Get all
2017-05-27 11:30:21,566 INFO - Get all
2017-05-27 11:30:22,346 INFO - Get all
2017-05-27 11:30:59,982 INFO - Get all
2017-05-27 11:31:15,338 INFO - Get all
2017-05-27 11:31:22,420 INFO - Get all
2017-05-27 11:31:25,166 INFO - Get all
2017-05-27 11:32:34,359 INFO - Get all
2017-05-27 13:41:06,596 INFO - Get all
2017-05-27 13:41:23,309 INFO - Get all
2017-05-27 14:15:41,312 INFO - Get all
2017-05-27 14:15:44,376 INFO - Get all
2017-05-27 14:50:23,799 INFO - Get all
2017-05-27 14:50:37,442 INFO - Get all
2017-05-27 14:51:12,217 INFO - Add id=4
2017-05-27 14:51:15,639 INFO - Get all
2017-05-27 14:51:24,807 INFO - Get all
2017-05-27 14:51:33,352 INFO - Update id=4
2017-05-27 14:51:36,921 INFO - Get all
2017-05-27 14:51:38,215 INFO - Get all
2017-05-27 14:51:43,119 INFO - Get all
2017-05-27 14:51:45,244 INFO - Delete id=4
2017-05-27 14:51:47,119 INFO - Get all
2017-05-27 14:55:16,596 INFO - Get all
2017-05-27 14:56:41,035 INFO - Get all
2017-05-27 14:56:41,643 INFO - Get all
2017-05-27 15:10:00,160 INFO - Get all
2017-05-27 15:10:02,848 INFO - Get all
2017-05-27 15:10:32,936 INFO - Get all
2017-05-27 18:58:00,061 INFO - Get all
2017-05-27 18:58:05,280 INFO - Get all
2017-05-27 19:00:13,820 INFO - Get all
2017-05-27 19:00:27,547 INFO - Decrease id=3 decrease count=2
2017-05-27 19:00:30,666 INFO - Get all
2017-05-27 19:01:16,251 INFO - Update id=3
2017-05-27 19:01:20,281 INFO - Get all
